# This file is generated by jplugins from a basic image.
# To update it, run docker run -it -d --rm {{ .Dockerfile.FromImage }}{{ if .Dockerfile.FromImageVersion }}:{{ .Dockerfile.FromImageVersion }}{{ end }} bash -c sleep 20
# then docker cp jenkinsmaster-dev:/var/jenkins_home/jplugins-preinstalled.lst .
plugin:ant:1.2
plugin:antisamy-markup-formatter:1.1
plugin:bouncycastle-api:2.16.0
plugin:command-launcher:1.0
plugin:credentials:2.1.2
plugin:cvs:2.11
plugin:display-url-api:2.0
plugin:external-monitor-job:1.4
plugin:javadoc:1.1
plugin:jdk-tool:1.0
plugin:junit:1.6
plugin:ldap:1.11
plugin:mailer:1.20
plugin:matrix-auth:1.1
plugin:matrix-project:1.4.1
plugin:maven-plugin:2.14
plugin:pam-auth:1.1
plugin:script-security:1.18.1
plugin:ssh-credentials:1.10
plugin:ssh-slaves:1.15
plugin:subversion:1.54
plugin:translation:1.10
plugin:windows-slaves:1.0